#
# A fatal error has been detected by the Java Runtime Environment:
#
#  SIGSEGV (0xb) at pc=0x00007fff6c248675, pid=58174, tid=0x0000000000000307
#
# JRE version: Java(TM) SE Runtime Environment (8.0_221-b11) (build 1.8.0_221-b11)
# Java VM: Java HotSpot(TM) 64-Bit Server VM (25.221-b11 mixed mode bsd-amd64 compressed oops)
# Problematic frame:
# C  [libobjc.A.dylib+0x8675]  objc_release+0x15
#
# Failed to write core dump. Core dumps have been disabled. To enable core dumping, try "ulimit -c unlimited" before starting Java again
#
# If you would like to submit a bug report, please visit:
#   http://bugreport.java.com/bugreport/crash.jsp
# The crash happened outside the Java Virtual Machine in native code.
# See problematic frame for where to report the bug.
#

---------------  T H R E A D  ---------------

Current thread (0x00007f85be17e800):  JavaThread "AWT-AppKit" daemon [_thread_in_native, id=775, stack(0x00007ffeece4e000,0x00007ffeed64e000)]

siginfo: si_signo: 11 (SIGSEGV), si_code: 0 (unknown), si_addr: 0x0000000000000000

Registers:
RAX=0x00007ffffffffff8, RBX=0x0000000000000000, RCX=0x0000000000000003, RDX=0x0000000000000002
RSP=0x00007ffeed649258, RBP=0x00007ffeed649280, RSI=0x000000010bbe92a0, RDI=0xa00007f85c58571a
R8 =0x0000000000000000, R9 =0x00000006a002a081, R10=0x000000018d216840, R11=0x00007fff3f067370
R12=0x0000000000000000, R13=0x000000018e7d6b70, R14=0x00007f85c5852640, R15=0x00007f85be17e800
RIP=0x00007fff6c248675, EFLAGS=0x0000000000010246, ERR=0x0000000000000000
  TRAPNO=0x000000000000000d

Top of Stack: (sp=0x00007ffeed649258)
0x00007ffeed649258:   000000010bb6e6da 0000000043e10000
0x00007ffeed649268:   000000018d216450 000000018d216440
0x00007ffeed649278:   00007f85be17e800 00007ffeed649340
0x00007ffeed649288:   000000018d214215 000000018d216700
0x00007ffeed649298:   000000018d2166e0 000000018d2164b0
0x00007ffeed6492a8:   0000000000000000 000000018e7d6b70
0x00007ffeed6492b8:   000000018e7d6b70 00007f85c5857240
0x00007ffeed6492c8:   000000018d2166a0 000000018d216710
0x00007ffeed6492d8:   00007fff8ade4e98 00007fff8c6d0148
0x00007ffeed6492e8:   000000018d216450 000000018d216690
0x00007ffeed6492f8:   00007f85c5857240 00007f85c5852640
0x00007ffeed649308:   00007f85bd77f600 00007f85c5857240
0x00007ffeed649318:   00007f85c5852640 00007ffeed6493c8
0x00007ffeed649328:   00007f85be17e9f8 000000018e7d6b70
0x00007ffeed649338:   00007ffeed6493f0 00007ffeed6493b8
0x00007ffeed649348:   000000010cfdd667 000000018e7d6b70
0x00007ffeed649358:   00007ffeed6493f0 00007ffeed6493b8
0x00007ffeed649368:   000000010cfdd3c7 000000010cfdd382
0x00007ffeed649378:   00007ffeed649378 000000018e7d6b70
0x00007ffeed649388:   00007ffeed6493f0 000000018e7d97a8
0x00007ffeed649398:   0000000000000000 000000018e7d6b70
0x00007ffeed6493a8:   0000000000000000 00007ffeed6493d8
0x00007ffeed6493b8:   00007ffeed649438 000000010cfcd2bd
0x00007ffeed6493c8:   0000000740ea5d60 000000010cfd6d18
0x00007ffeed6493d8:   00007f85c5857240 00007ffeed649438
0x00007ffeed6493e8:   00007f85c5852640 000000010cfd8782
0x00007ffeed6493f8:   00007ffeed6493f8 000000018e7d6d3a
0x00007ffeed649408:   00007ffeed649460 000000018e7d97a8
0x00007ffeed649418:   0000000000000000 000000018e7d6d48
0x00007ffeed649428:   00007ffeed6493d8 00007ffeed649448
0x00007ffeed649438:   00007ffeed6494a8 000000010cfcd2bd
0x00007ffeed649448:   00007f85c5857240 0000000740e76df8 

Instructions: (pc=0x00007fff6c248675)
0x00007fff6c248655:   90 90 90 90 90 e9 60 3e 00 00 90 48 85 ff 74 64
0x00007fff6c248665:   40 f6 c7 01 75 5e 48 b8 f8 ff ff ff ff 7f 00 00
0x00007fff6c248675:   48 23 07 f6 40 20 04 74 69 48 b9 00 00 00 00 00
0x00007fff6c248685:   00 00 01 48 ba 00 00 00 00 00 00 40 00 48 8b 07 

Register to memory mapping:

RAX=0x00007ffffffffff8 is an unknown value
RBX=0x0000000000000000 is an unknown value
RCX=0x0000000000000003 is an unknown value
RDX=0x0000000000000002 is an unknown value
RSP=0x00007ffeed649258 is pointing into the stack for thread: 0x00007f85be17e800
RBP=0x00007ffeed649280 is pointing into the stack for thread: 0x00007f85be17e800
RSI=0x000000010bbe92a0: OBJC_IVAR_$_PrinterView.fCurPeekGraphics+0x1b68 in /Library/Java/JavaVirtualMachines/jdk1.8.0_221.jdk/Contents/Home/jre/lib/libawt_lwawt.dylib at 0x000000010bb69000
RDI=0xa00007f85c58571a is an unknown value
R8 =0x0000000000000000 is an unknown value
R9 =0x00000006a002a081 is an unknown value
R10=0x000000018d216840: OBJC_CLASS_$_MyCALayer+0 in /private/var/folders/16/7w58252972g03kvjj0hhf0hm0000gn/T/jogamp_0000/file_cache/jln3655610953021347743/jln2112848449781496121/libnativewindow_macosx.jnilib at 0x000000018d20f000
R11=0x00007fff3f067370: -[CALayer release]+0 in /System/Library/Frameworks/QuartzCore.framework/Versions/A/QuartzCore at 0x00007fff3f05a000
R12=0x0000000000000000 is an unknown value
R13={method} {0x000000018e7d6b70} 'UnsetJAWTRootSurfaceLayer0' '(JJ)V' in 'jogamp/nativewindow/jawt/macosx/MacOSXJAWTWindow'
R14=0x00007f85c5852640 is an unknown value
R15=0x00007f85be17e800 is a thread


Stack: [0x00007ffeece4e000,0x00007ffeed64e000],  sp=0x00007ffeed649258,  free space=8172k
Native frames: (J=compiled Java code, j=interpreted, Vv=VM code, C=native code)
C  [libobjc.A.dylib+0x8675]  objc_release+0x15
C  [libnativewindow_macosx.jnilib+0x5215]  Java_jogamp_nativewindow_jawt_macosx_MacOSXJAWTWindow_UnsetJAWTRootSurfaceLayer0+0x1a5
j  jogamp.nativewindow.jawt.macosx.MacOSXJAWTWindow.UnsetJAWTRootSurfaceLayer0(JJ)V+0
j  jogamp.nativewindow.jawt.macosx.MacOSXJAWTWindow.access$200(JJ)V+2
j  jogamp.nativewindow.jawt.macosx.MacOSXJAWTWindow$1.run()V+38
J 2650 C1 com.jogamp.common.util.RunnableTask.run()V (345 bytes) @ 0x000000010da42fb4 [0x000000010da42e20+0x194]
v  ~StubRoutines::call_stub
V  [libjvm.dylib+0x2f0d1e]
V  [libjvm.dylib+0x32805c]
V  [libjvm.dylib+0x31a83f]
C  [libnativewindow_macosx.jnilib+0x5326]  Java_jogamp_nativewindow_jawt_macosx_MacOSXJAWTWindow_UnsetJAWTRootSurfaceLayer0+0x2b6
C  [Foundation+0x9b0dd]  __NSThreadPerformPerform+0xcc
C  [CoreFoundation+0x83de2]  __CFRUNLOOP_IS_CALLING_OUT_TO_A_SOURCE0_PERFORM_FUNCTION__+0x11
C  [CoreFoundation+0x83d81]  __CFRunLoopDoSource0+0x67
C  [CoreFoundation+0x83bf7]  __CFRunLoopDoSources0+0x12d
C  [CoreFoundation+0x828ca]  __CFRunLoopRun+0x39f
C  [CoreFoundation+0x81ece]  CFRunLoopRunSpecific+0x1ce
C  [HIToolbox+0x2fabd]  RunCurrentEventLoopInMode+0x124
C  [HIToolbox+0x2f6f4]  ReceiveNextEventCommon+0x167
C  [HIToolbox+0x2f579]  _BlockUntilNextEventMatchingListInModeWithFilter+0x40
C  [AppKit+0x41829]  _DPSNextEvent+0x373
C  [AppKit+0x40070]  -[NSApplication(NSEvent) _nextEventMatchingEventMask:untilDate:inMode:dequeue:]+0x548
C  [libosxapp.dylib+0x2328]  -[NSApplicationAWT nextEventMatchingMask:untilDate:inMode:dequeue:]+0x7c
C  [AppKit+0x31d7e]  -[NSApplication run]+0x292
C  [libosxapp.dylib+0x1f72]  +[NSApplicationAWT runAWTLoopWithApp:]+0x9c
C  [libawt_lwawt.dylib+0x480bf]  -[AWTStarter starter:]+0x389
C  [Foundation+0x9b0dd]  __NSThreadPerformPerform+0xcc
C  [CoreFoundation+0x83de2]  __CFRUNLOOP_IS_CALLING_OUT_TO_A_SOURCE0_PERFORM_FUNCTION__+0x11
C  [CoreFoundation+0x83d81]  __CFRunLoopDoSource0+0x67
C  [CoreFoundation+0x83b9b]  __CFRunLoopDoSources0+0xd1
C  [CoreFoundation+0x828ca]  __CFRunLoopRun+0x39f
C  [CoreFoundation+0x81ece]  CFRunLoopRunSpecific+0x1ce
C  [java+0x646e]  CreateExecutionEnvironment+0x367
C  [java+0x203c]  JLI_Launch+0x7a0
C  [java+0x84cb]  main+0x65
C  [java+0x1894]  start+0x34
C  0x0000000000000007

Java frames: (J=compiled Java code, j=interpreted, Vv=VM code)
j  jogamp.nativewindow.jawt.macosx.MacOSXJAWTWindow.UnsetJAWTRootSurfaceLayer0(JJ)V+0
j  jogamp.nativewindow.jawt.macosx.MacOSXJAWTWindow.access$200(JJ)V+2
j  jogamp.nativewindow.jawt.macosx.MacOSXJAWTWindow$1.run()V+38
J 2650 C1 com.jogamp.common.util.RunnableTask.run()V (345 bytes) @ 0x000000010da42fb4 [0x000000010da42e20+0x194]
v  ~StubRoutines::call_stub

---------------  P R O C E S S  ---------------

Java Threads: ( => current thread )
  0x00007f85beb4e000 JavaThread "Thread-20" [_thread_blocked, id=86931, stack(0x0000700008a12000,0x0000700008b12000)]
  0x00007f85bd93e000 JavaThread "AWT-EventQueue-1" [_thread_blocked, id=70703, stack(0x00007000092b6000,0x00007000093b6000)]
  0x00007f85bf9be000 JavaThread "DestroyJavaVM" [_thread_blocked, id=4099, stack(0x000070000744d000,0x000070000754d000)]
  0x00007f85be1b0000 JavaThread "AWT-EventQueue-0" [_thread_blocked, id=55559, stack(0x00007000090b0000,0x00007000091b0000)]
  0x00007f85bd8e9000 JavaThread "Java2D Disposer" daemon [_thread_blocked, id=53267, stack(0x0000700008e27000,0x0000700008f27000)]
  0x00007f85bea3f000 JavaThread "Java2D Queue Flusher" daemon [_thread_blocked, id=75271, stack(0x0000700008d24000,0x0000700008e24000)]
  0x00007f85be177800 JavaThread "AWT-Shutdown" [_thread_blocked, id=38179, stack(0x000070000888c000,0x000070000898c000)]
=>0x00007f85be17e800 JavaThread "AWT-AppKit" daemon [_thread_in_native, id=775, stack(0x00007ffeece4e000,0x00007ffeed64e000)]
  0x00007f85bd829800 JavaThread "Service Thread" daemon [_thread_blocked, id=15619, stack(0x0000700008686000,0x0000700008786000)]
  0x00007f85be82a000 JavaThread "C1 CompilerThread3" daemon [_thread_blocked, id=15363, stack(0x0000700008583000,0x0000700008683000)]
  0x00007f85bd816800 JavaThread "C2 CompilerThread2" daemon [_thread_blocked, id=16899, stack(0x0000700008480000,0x0000700008580000)]
  0x00007f85bd812000 JavaThread "C2 CompilerThread1" daemon [_thread_blocked, id=14595, stack(0x000070000837d000,0x000070000847d000)]
  0x00007f85bd810800 JavaThread "C2 CompilerThread0" daemon [_thread_blocked, id=17155, stack(0x000070000827a000,0x000070000837a000)]
  0x00007f85bd80f800 JavaThread "Signal Dispatcher" daemon [_thread_blocked, id=17411, stack(0x0000700008177000,0x0000700008277000)]
  0x00007f85be022800 JavaThread "Finalizer" daemon [_thread_blocked, id=12291, stack(0x0000700007f6e000,0x000070000806e000)]
  0x00007f85be01f800 JavaThread "Reference Handler" daemon [_thread_blocked, id=19715, stack(0x0000700007e6b000,0x0000700007f6b000)]

Other Threads:
  0x00007f85be01f000 VMThread [stack: 0x0000700007d68000,0x0000700007e68000] [id=20227]
  0x00007f85be023000 WatcherThread [stack: 0x0000700008789000,0x0000700008889000] [id=15875]

VM state:not at safepoint (normal execution)

VM Mutex/Monitor currently owned by a thread: None

heap address: 0x0000000740000000, size: 2048 MB, Compressed Oops mode: Zero based, Oop shift amount: 3
Narrow klass base: 0x0000000000000000, Narrow klass shift: 3
Compressed class space size: 1073741824 Address: 0x00000007c0000000

Heap:
 PSYoungGen      total 128000K, used 69142K [0x0000000795580000, 0x00000007a3300000, 0x00000007c0000000)
  eden space 115200K, 55% used [0x0000000795580000,0x00000007993f8930,0x000000079c600000)
  from space 12800K, 40% used [0x000000079c600000,0x000000079cb0cf50,0x000000079d280000)
  to   space 12800K, 0% used [0x00000007a2680000,0x00000007a2680000,0x00000007a3300000)
 ParOldGen       total 62464K, used 22574K [0x0000000740000000, 0x0000000743d00000, 0x0000000795580000)
  object space 62464K, 36% used [0x0000000740000000,0x000000074160bb50,0x0000000743d00000)
 Metaspace       used 27581K, capacity 27901K, committed 28288K, reserved 1075200K
  class space    used 2214K, capacity 2344K, committed 2432K, reserved 1048576K

Card table byte_map: [0x00000001049f8000,0x0000000104df9000] byte_map_base: 0x0000000100ff8000

Marking Bits: (ParMarkBitMap*) 0x0000000103efbe40
 Begin Bits: [0x00000001050a4000, 0x00000001070a4000)
 End Bits:   [0x00000001070a4000, 0x00000001090a4000)

Polling page: 0x00000001025f1000

CodeCache: size=245760Kb used=11939Kb max_used=11939Kb free=233820Kb
 bounds [0x000000010cfc5000, 0x000000010db85000, 0x000000011bfc5000]
 total_blobs=3848 nmethods=2923 adapters=838
 compilation: enabled

Compilation events (10 events):
Event: 55.604 Thread 0x00007f85be82a000 nmethod 2955 0x000000010db6dbd0 code [0x000000010db6dda0, 0x000000010db6e4a8]
Event: 56.035 Thread 0x00007f85be82a000 2956       3       java.awt.EventQueue$4::run (5 bytes)
Event: 56.036 Thread 0x00007f85be82a000 nmethod 2956 0x000000010db6e790 code [0x000000010db6e980, 0x000000010db6f038]
Event: 56.036 Thread 0x00007f85be82a000 2957       3       java.security.ProtectionDomain$JavaSecurityAccessImpl::doIntersectionPrivilege (10 bytes)
Event: 56.037 Thread 0x00007f85be82a000 nmethod 2957 0x000000010db6f4d0 code [0x000000010db6f6e0, 0x000000010db70028]
Event: 56.054 Thread 0x00007f85be82a000 2958       3       java.awt.Rectangle::isEmpty (20 bytes)
Event: 56.054 Thread 0x00007f85be82a000 nmethod 2958 0x000000010db70550 code [0x000000010db706c0, 0x000000010db708b0]
Event: 56.057 Thread 0x00007f85be82a000 2959   !   3       sun.lwawt.LWComponentPeer::isShowing (49 bytes)
Event: 56.058 Thread 0x00007f85be82a000 nmethod 2959 0x000000010db70910 code [0x000000010db70ac0, 0x000000010db713c8]
Event: 56.106 Thread 0x00007f85be82a000 2960   !   3       sun.font.FontDesignMetrics::getMetrics (265 bytes)

GC Heap History (10 events):
Event: 3.033 GC heap before
{Heap before GC invocations=4 (full 1):
 PSYoungGen      total 38400K, used 4921K [0x0000000795580000, 0x000000079a080000, 0x00000007c0000000)
  eden space 33280K, 0% used [0x0000000795580000,0x0000000795580000,0x0000000797600000)
  from space 5120K, 96% used [0x0000000797600000,0x0000000797ace450,0x0000000797b00000)
  to   space 5120K, 0% used [0x0000000799b80000,0x0000000799b80000,0x000000079a080000)
 ParOldGen       total 87552K, used 12918K [0x0000000740000000, 0x0000000745580000, 0x0000000795580000)
  object space 87552K, 14% used [0x0000000740000000,0x0000000740c9da58,0x0000000745580000)
 Metaspace       used 20783K, capacity 21118K, committed 21272K, reserved 1069056K
  class space    used 2057K, capacity 2179K, committed 2304K, reserved 1048576K
Event: 3.053 GC heap after
Heap after GC invocations=4 (full 1):
 PSYoungGen      total 38400K, used 0K [0x0000000795580000, 0x000000079a080000, 0x00000007c0000000)
  eden space 33280K, 0% used [0x0000000795580000,0x0000000795580000,0x0000000797600000)
  from space 5120K, 0% used [0x0000000797600000,0x0000000797600000,0x0000000797b00000)
  to   space 5120K, 0% used [0x0000000799b80000,0x0000000799b80000,0x000000079a080000)
 ParOldGen       total 62464K, used 16643K [0x0000000740000000, 0x0000000743d00000, 0x0000000795580000)
  object space 62464K, 26% used [0x0000000740000000,0x0000000741040ce0,0x0000000743d00000)
 Metaspace       used 20783K, capacity 21118K, committed 21272K, reserved 1069056K
  class space    used 2057K, capacity 2179K, committed 2304K, reserved 1048576K
}
Event: 4.661 GC heap before
{Heap before GC invocations=5 (full 1):
 PSYoungGen      total 38400K, used 33280K [0x0000000795580000, 0x000000079a080000, 0x00000007c0000000)
  eden space 33280K, 100% used [0x0000000795580000,0x0000000797600000,0x0000000797600000)
  from space 5120K, 0% used [0x0000000797600000,0x0000000797600000,0x0000000797b00000)
  to   space 5120K, 0% used [0x0000000799b80000,0x0000000799b80000,0x000000079a080000)
 ParOldGen       total 62464K, used 16643K [0x0000000740000000, 0x0000000743d00000, 0x0000000795580000)
  object space 62464K, 26% used [0x0000000740000000,0x0000000741040ce0,0x0000000743d00000)
 Metaspace       used 26754K, capacity 27112K, committed 27520K, reserved 1075200K
  class space    used 2196K, capacity 2308K, committed 2432K, reserved 1048576K
Event: 4.672 GC heap after
Heap after GC invocations=5 (full 1):
 PSYoungGen      total 67584K, used 5107K [0x0000000795580000, 0x000000079a080000, 0x00000007c0000000)
  eden space 62464K, 0% used [0x0000000795580000,0x0000000795580000,0x0000000799280000)
  from space 5120K, 99% used [0x0000000799b80000,0x000000079a07cc78,0x000000079a080000)
  to   space 5120K, 0% used [0x0000000799680000,0x0000000799680000,0x0000000799b80000)
 ParOldGen       total 62464K, used 19110K [0x0000000740000000, 0x0000000743d00000, 0x0000000795580000)
  object space 62464K, 30% used [0x0000000740000000,0x00000007412a9940,0x0000000743d00000)
 Metaspace       used 26754K, capacity 27112K, committed 27520K, reserved 1075200K
  class space    used 2196K, capacity 2308K, committed 2432K, reserved 1048576K
}
Event: 10.240 GC heap before
{Heap before GC invocations=6 (full 1):
 PSYoungGen      total 67584K, used 67571K [0x0000000795580000, 0x000000079a080000, 0x00000007c0000000)
  eden space 62464K, 100% used [0x0000000795580000,0x0000000799280000,0x0000000799280000)
  from space 5120K, 99% used [0x0000000799b80000,0x000000079a07cc78,0x000000079a080000)
  to   space 5120K, 0% used [0x0000000799680000,0x0000000799680000,0x0000000799b80000)
 ParOldGen       total 62464K, used 19110K [0x0000000740000000, 0x0000000743d00000, 0x0000000795580000)
  object space 62464K, 30% used [0x0000000740000000,0x00000007412a9940,0x0000000743d00000)
 Metaspace       used 27393K, capacity 27729K, committed 28032K, reserved 1075200K
  class space    used 2196K, capacity 2308K, committed 2432K, reserved 1048576K
Event: 10.250 GC heap after
Heap after GC invocations=6 (full 1):
 PSYoungGen      total 71680K, used 5105K [0x0000000795580000, 0x000000079df00000, 0x00000007c0000000)
  eden space 66560K, 0% used [0x0000000795580000,0x0000000795580000,0x0000000799680000)
  from space 5120K, 99% used [0x0000000799680000,0x0000000799b7c520,0x0000000799b80000)
  to   space 12800K, 0% used [0x000000079d280000,0x000000079d280000,0x000000079df00000)
 ParOldGen       total 62464K, used 22558K [0x0000000740000000, 0x0000000743d00000, 0x0000000795580000)
  object space 62464K, 36% used [0x0000000740000000,0x0000000741607b50,0x0000000743d00000)
 Metaspace       used 27393K, capacity 27729K, committed 28032K, reserved 1075200K
  class space    used 2196K, capacity 2308K, committed 2432K, reserved 1048576K
}
Event: 22.675 GC heap before
{Heap before GC invocations=7 (full 1):
 PSYoungGen      total 71680K, used 71665K [0x0000000795580000, 0x000000079df00000, 0x00000007c0000000)
  eden space 66560K, 100% used [0x0000000795580000,0x0000000799680000,0x0000000799680000)
  from space 5120K, 99% used [0x0000000799680000,0x0000000799b7c520,0x0000000799b80000)
  to   space 12800K, 0% used [0x000000079d280000,0x000000079d280000,0x000000079df00000)
 ParOldGen       total 62464K, used 22558K [0x0000000740000000, 0x0000000743d00000, 0x0000000795580000)
  object space 62464K, 36% used [0x0000000740000000,0x0000000741607b50,0x0000000743d00000)
 Metaspace       used 27463K, capacity 27793K, committed 28032K, reserved 1075200K
  class space    used 2196K, capacity 2308K, committed 2432K, reserved 1048576K
Event: 22.682 GC heap after
Heap after GC invocations=7 (full 1):
 PSYoungGen      total 128000K, used 5137K [0x0000000795580000, 0x000000079e380000, 0x00000007c0000000)
  eden space 115200K, 0% used [0x0000000795580000,0x0000000795580000,0x000000079c600000)
  from space 12800K, 40% used [0x000000079d280000,0x000000079d784520,0x000000079df00000)
  to   space 12800K, 0% used [0x000000079c600000,0x000000079c600000,0x000000079d280000)
 ParOldGen       total 62464K, used 22566K [0x0000000740000000, 0x0000000743d00000, 0x0000000795580000)
  object space 62464K, 36% used [0x0000000740000000,0x0000000741609b50,0x0000000743d00000)
 Metaspace       used 27463K, capacity 27793K, committed 28032K, reserved 1075200K
  class space    used 2196K, capacity 2308K, committed 2432K, reserved 1048576K
}
Event: 44.888 GC heap before
{Heap before GC invocations=8 (full 1):
 PSYoungGen      total 128000K, used 120337K [0x0000000795580000, 0x000000079e380000, 0x00000007c0000000)
  eden space 115200K, 100% used [0x0000000795580000,0x000000079c600000,0x000000079c600000)
  from space 12800K, 40% used [0x000000079d280000,0x000000079d784520,0x000000079df00000)
  to   space 12800K, 0% used [0x000000079c600000,0x000000079c600000,0x000000079d280000)
 ParOldGen       total 62464K, used 22566K [0x0000000740000000, 0x0000000743d00000, 0x0000000795580000)
  object space 62464K, 36% used [0x0000000740000000,0x0000000741609b50,0x0000000743d00000)
 Metaspace       used 27464K, capacity 27793K, committed 28032K, reserved 1075200K
  class space    used 2196K, capacity 2308K, committed 2432K, reserved 1048576K
Event: 44.895 GC heap after
Heap after GC invocations=8 (full 1):
 PSYoungGen      total 128000K, used 5171K [0x0000000795580000, 0x00000007a3300000, 0x00000007c0000000)
  eden space 115200K, 0% used [0x0000000795580000,0x0000000795580000,0x000000079c600000)
  from space 12800K, 40% used [0x000000079c600000,0x000000079cb0cf50,0x000000079d280000)
  to   space 12800K, 0% used [0x00000007a2680000,0x00000007a2680000,0x00000007a3300000)
 ParOldGen       total 62464K, used 22574K [0x0000000740000000, 0x0000000743d00000, 0x0000000795580000)
  object space 62464K, 36% used [0x0000000740000000,0x000000074160bb50,0x0000000743d00000)
 Metaspace       used 27464K, capacity 27793K, committed 28032K, reserved 1075200K
  class space    used 2196K, capacity 2308K, committed 2432K, reserved 1048576K
}

Deoptimization events (10 events):
Event: 56.058 Thread 0x00007f85be1b0000 Uncommon trap: reason=unstable_if action=reinterpret pc=0x000000010d5ffc2c method=java.awt.font.FontRenderContext.equals(Ljava/awt/font/FontRenderContext;)Z @ 2
Event: 56.058 Thread 0x00007f85be1b0000 Uncommon trap: reason=unstable_if action=reinterpret pc=0x000000010d5f2ed4 method=java.awt.Font.equals(Ljava/lang/Object;)Z @ 2
Event: 56.060 Thread 0x00007f85be1b0000 Uncommon trap: reason=unstable_if action=reinterpret pc=0x000000010d1d8de4 method=java.util.HashMap.removeNode(ILjava/lang/Object;Ljava/lang/Object;ZZ)Ljava/util/HashMap$Node; @ 46
Event: 56.085 Thread 0x00007f85bd8f6000 Uncommon trap: reason=unstable_if action=reinterpret pc=0x000000010d4b1ce0 method=java.util.HashMap.putVal(ILjava/lang/Object;Ljava/lang/Object;ZZ)Ljava/lang/Object; @ 81
Event: 56.085 Thread 0x00007f85bd8f6000 Uncommon trap: reason=unstable_if action=reinterpret pc=0x000000010d4abdbc method=java.util.HashMap.putVal(ILjava/lang/Object;Ljava/lang/Object;ZZ)Ljava/lang/Object; @ 81
Event: 56.086 Thread 0x00007f85be1b0000 Uncommon trap: reason=unstable_if action=reinterpret pc=0x000000010d5e65b8 method=java.awt.font.FontRenderContext.equals(Ljava/awt/font/FontRenderContext;)Z @ 2
Event: 56.105 Thread 0x00007f85bd93e000 Uncommon trap: reason=unstable_if action=reinterpret pc=0x000000010d0c45d8 method=java.util.LinkedList$ListItr.<init>(Ljava/util/LinkedList;I)V @ 26
Event: 56.105 Thread 0x00007f85bd93e000 Uncommon trap: reason=unstable_if action=reinterpret pc=0x000000010d9c58a4 method=java.security.AccessControlContext.combine([Ljava/security/ProtectionDomain;[Ljava/security/ProtectionDomain;)[Ljava/security/ProtectionDomain; @ 151
Event: 56.106 Thread 0x00007f85bd93e000 Uncommon trap: reason=unstable_if action=reinterpret pc=0x000000010d0dad30 method=java.util.HashMap.removeNode(ILjava/lang/Object;Ljava/lang/Object;ZZ)Ljava/util/HashMap$Node; @ 46
Event: 56.106 Thread 0x00007f85beb4e000 Uncommon trap: reason=predicate action=maybe_recompile pc=0x000000010dae6008 method=java.util.Vector.indexOf(Ljava/lang/Object;I)I @ 44

Classes redefined (0 events):
No events

Internal exceptions (10 events):
Event: 0.270 Thread 0x00007f85be00c000 Exception <a 'java/io/FileNotFoundException'> (0x0000000795812980) thrown at [/Users/java_re/workspace/8-2-build-macosx-x86_64/jdk8u221/13320/hotspot/src/share/vm/prims/jni.cpp, line 710]
Event: 0.270 Thread 0x00007f85be00c000 Exception <a 'java/io/FileNotFoundException'> (0x00000007958134d0) thrown at [/Users/java_re/workspace/8-2-build-macosx-x86_64/jdk8u221/13320/hotspot/src/share/vm/prims/jni.cpp, line 710]
Event: 0.352 Thread 0x00007f85be00c000 Exception <a 'java/io/FileNotFoundException'> (0x000000079593c5a0) thrown at [/Users/java_re/workspace/8-2-build-macosx-x86_64/jdk8u221/13320/hotspot/src/share/vm/prims/jni.cpp, line 710]
Event: 1.617 Thread 0x00007f85be29e000 Exception <a 'java/lang/UnsatisfiedLinkError': com.jogamp.common.util.JarUtil.fixNativeLibAttribs(Ljava/lang/String;)Z> (0x0000000796c8f2d8) thrown at [/Users/java_re/workspace/8-2-build-macosx-x86_64/jdk8u221/13320/hotspot/src/share/vm/prims/nativeLookup
Event: 2.206 Thread 0x00007f85be022800 Exception <a 'java/lang/NullPointerException'> (0x00000007956a3388) thrown at [/Users/java_re/workspace/8-2-build-macosx-x86_64/jdk8u221/13320/hotspot/src/share/vm/interpreter/linkResolver.cpp, line 1185]
Event: 2.744 Thread 0x00007f85bd93e000 Exception <a 'java/io/FileNotFoundException'> (0x0000000795f21308) thrown at [/Users/java_re/workspace/8-2-build-macosx-x86_64/jdk8u221/13320/hotspot/src/share/vm/prims/jni.cpp, line 710]
Event: 2.745 Thread 0x00007f85bd93e000 Exception <a 'java/io/FileNotFoundException'> (0x0000000795f27350) thrown at [/Users/java_re/workspace/8-2-build-macosx-x86_64/jdk8u221/13320/hotspot/src/share/vm/prims/jni.cpp, line 710]
Event: 2.745 Thread 0x00007f85bd93e000 Implicit null exception at 0x000000010d1af976 to 0x000000010d1afd39
Event: 2.952 Thread 0x00007f85bd93e000 Implicit null exception at 0x000000010d393446 to 0x000000010d39368d
Event: 2.975 Thread 0x00007f85bfcba800 Implicit null exception at 0x000000010d1aceb5 to 0x000000010d1ad275

Events (10 events):
Event: 56.106 loading class java/awt/Toolkit$ToolkitEventMulticaster done
Event: 56.106 Thread 0x00007f85bd93e000 Uncommon trap: trap_request=0xffffff65 fr.pc=0x000000010d0dad30
Event: 56.106 Thread 0x00007f85bd93e000 DEOPT PACKING pc=0x000000010d0dad30 sp=0x00007000093b5510
Event: 56.106 Thread 0x00007f85bd93e000 DEOPT UNPACKING pc=0x000000010d00a73a sp=0x00007000093b54c0 mode 2
Event: 56.106 Thread 0x00007f85bd8f6000 Thread exited: 0x00007f85bd8f6000
Event: 56.106 Thread 0x00007f85beb4e000 Uncommon trap: trap_request=0xffffff86 fr.pc=0x000000010dae6008
Event: 56.106 Thread 0x00007f85beb4e000 DEOPT PACKING pc=0x000000010dae6008 sp=0x0000700008b118f0
Event: 56.106 Thread 0x00007f85beb4e000 DEOPT UNPACKING pc=0x000000010d00a73a sp=0x0000700008b11808 mode 2
Event: 56.106 loading class java/awt/Window$1DisposeAction
Event: 56.106 loading class java/awt/Window$1DisposeAction done


Dynamic libraries:
0x00007fff32675000 	/System/Library/Frameworks/Cocoa.framework/Versions/A/Cocoa
0x00007fff3fe5d000 	/System/Library/Frameworks/Security.framework/Versions/A/Security
0x00007fff315dc000 	/System/Library/Frameworks/ApplicationServices.framework/Versions/A/ApplicationServices
0x00007fff6c91c000 	/usr/lib/libz.1.dylib
0x00007fff6a3e0000 	/usr/lib/libSystem.B.dylib
0x00007fff6c240000 	/usr/lib/libobjc.A.dylib
0x00007fff33515000 	/System/Library/Frameworks/CoreFoundation.framework/Versions/A/CoreFoundation
0x00007fff35bcf000 	/System/Library/Frameworks/Foundation.framework/Versions/C/Foundation
0x00007fff307cc000 	/System/Library/Frameworks/AppKit.framework/Versions/C/AppKit
0x00007fff32ff9000 	/System/Library/Frameworks/CoreData.framework/Versions/A/CoreData
0x00007fff643fb000 	/System/Library/PrivateFrameworks/UIFoundation.framework/Versions/A/UIFoundation
0x00007fff5f49f000 	/System/Library/PrivateFrameworks/RemoteViewServices.framework/Versions/A/RemoteViewServices
0x00007fff66f50000 	/System/Library/PrivateFrameworks/XCTTargetBootstrap.framework/Versions/A/XCTTargetBootstrap
0x00007fff333e4000 	/System/Library/Frameworks/CoreDisplay.framework/Versions/A/CoreDisplay
0x00007fff38a8a000 	/System/Library/Frameworks/Metal.framework/Versions/A/Metal
0x00007fff4d4c1000 	/System/Library/PrivateFrameworks/DesktopServicesPriv.framework/Versions/A/DesktopServicesPriv
0x00007fff6b51b000 	/usr/lib/liblangid.dylib
0x00007fff4c759000 	/System/Library/PrivateFrameworks/CoreSVG.framework/Versions/A/CoreSVG
0x00007fff625f8000 	/System/Library/PrivateFrameworks/SkyLight.framework/Versions/A/SkyLight
0x00007fff33996000 	/System/Library/Frameworks/CoreGraphics.framework/Versions/A/CoreGraphics
0x00007fff2f1a0000 	/System/Library/Frameworks/Accelerate.framework/Versions/A/Accelerate
0x00007fff6c80d000 	/usr/lib/libxml2.2.dylib
0x00007fff58438000 	/System/Library/PrivateFrameworks/IconServices.framework/Versions/A/IconServices
0x00007fff363ae000 	/System/Library/Frameworks/IOSurface.framework/Versions/A/IOSurface
0x00007fff69f0a000 	/usr/lib/libDiagnosticMessagesClient.dylib
0x00007fff4d31b000 	/System/Library/PrivateFrameworks/DFRFoundation.framework/Versions/A/DFRFoundation
0x00007fff6b2aa000 	/usr/lib/libicucore.A.dylib
0x00007fff3190e000 	/System/Library/Frameworks/AudioToolbox.framework/Versions/A/AudioToolbox
0x00007fff319f1000 	/System/Library/Frameworks/AudioUnit.framework/Versions/A/AudioUnit
0x00007fff6a5e2000 	/usr/lib/libauto.dylib
0x00007fff4d3bd000 	/System/Library/PrivateFrameworks/DataDetectorsCore.framework/Versions/A/DataDetectorsCore
0x00007fff32196000 	/System/Library/Frameworks/Carbon.framework/Versions/A/Frameworks/HIToolbox.framework/Versions/A/HIToolbox
0x00007fff3f05a000 	/System/Library/Frameworks/QuartzCore.framework/Versions/A/QuartzCore
0x00007fff324d5000 	/System/Library/Frameworks/Carbon.framework/Versions/A/Frameworks/SpeechRecognition.framework/Versions/A/SpeechRecognition
0x00007fff4ce32000 	/System/Library/PrivateFrameworks/CoreUI.framework/Versions/A/CoreUI
0x00007fff32a64000 	/System/Library/Frameworks/CoreAudio.framework/Versions/A/CoreAudio
0x00007fff35890000 	/System/Library/Frameworks/DiskArbitration.framework/Versions/A/DiskArbitration
0x00007fff5a486000 	/System/Library/PrivateFrameworks/MultitouchSupport.framework/Versions/A/MultitouchSupport
0x00007fff6b171000 	/usr/lib/libenergytrace.dylib
0x00007fff36308000 	/System/Library/Frameworks/IOKit.framework/Versions/A/IOKit
0x00007fff348fc000 	/System/Library/Frameworks/CoreServices.framework/Versions/A/CoreServices
0x00007fff5c635000 	/System/Library/PrivateFrameworks/PerformanceAnalysis.framework/Versions/A/PerformanceAnalysis
0x00007fff3e08d000 	/System/Library/Frameworks/OpenGL.framework/Versions/A/OpenGL
0x00007fff32683000 	/System/Library/Frameworks/ColorSync.framework/Versions/A/ColorSync
0x00007fff34018000 	/System/Library/Frameworks/CoreImage.framework/Versions/A/CoreImage
0x00007fff3536f000 	/System/Library/Frameworks/CoreText.framework/Versions/A/CoreText
0x00007fff3643e000 	/System/Library/Frameworks/ImageIO.framework/Versions/A/ImageIO
0x00007fff6a6c6000 	/usr/lib/libc++.1.dylib
0x00007fff6a742000 	/usr/lib/libcompression.dylib
0x00007fff6a24e000 	/usr/lib/libMobileGestalt.dylib
0x00007fff64170000 	/System/Library/PrivateFrameworks/TextureIO.framework/Versions/A/TextureIO
0x00007fff6a545000 	/usr/lib/libate.dylib
0x00007fff58641000 	/System/Library/PrivateFrameworks/InternationalSupport.framework/Versions/A/InternationalSupport
0x00007fff6d1dc000 	/usr/lib/system/libcache.dylib
0x00007fff6d1e2000 	/usr/lib/system/libcommonCrypto.dylib
0x00007fff6d1ee000 	/usr/lib/system/libcompiler_rt.dylib
0x00007fff6d1f6000 	/usr/lib/system/libcopyfile.dylib
0x00007fff6d200000 	/usr/lib/system/libcorecrypto.dylib
0x00007fff6d39f000 	/usr/lib/system/libdispatch.dylib
0x00007fff6d3e0000 	/usr/lib/system/libdyld.dylib
0x00007fff6d417000 	/usr/lib/system/libkeymgr.dylib
0x00007fff6d425000 	/usr/lib/system/liblaunch.dylib
0x00007fff6d426000 	/usr/lib/system/libmacho.dylib
0x00007fff6d42c000 	/usr/lib/system/libquarantine.dylib
0x00007fff6d42f000 	/usr/lib/system/libremovefile.dylib
0x00007fff6d431000 	/usr/lib/system/libsystem_asl.dylib
0x00007fff6d449000 	/usr/lib/system/libsystem_blocks.dylib
0x00007fff6d44a000 	/usr/lib/system/libsystem_c.dylib
0x00007fff6d4d2000 	/usr/lib/system/libsystem_configuration.dylib
0x00007fff6d4d6000 	/usr/lib/system/libsystem_coreservices.dylib
0x00007fff6d4da000 	/usr/lib/system/libsystem_darwin.dylib
0x00007fff6d4e3000 	/usr/lib/system/libsystem_dnssd.dylib
0x00007fff6d4eb000 	/usr/lib/system/libsystem_featureflags.dylib
0x00007fff6d4ed000 	/usr/lib/system/libsystem_info.dylib
0x00007fff6d568000 	/usr/lib/system/libsystem_m.dylib
0x00007fff6d5b0000 	/usr/lib/system/libsystem_malloc.dylib
0x00007fff6d5d8000 	/usr/lib/system/libsystem_networkextension.dylib
0x00007fff6d5e6000 	/usr/lib/system/libsystem_notify.dylib
0x00007fff6d604000 	/usr/lib/system/libsystem_sandbox.dylib
0x00007fff6d609000 	/usr/lib/system/libsystem_secinit.dylib
0x00007fff6d53b000 	/usr/lib/system/libsystem_kernel.dylib
0x00007fff6d5f0000 	/usr/lib/system/libsystem_platform.dylib
0x00007fff6d5f9000 	/usr/lib/system/libsystem_pthread.dylib
0x00007fff6d60c000 	/usr/lib/system/libsystem_symptoms.dylib
0x00007fff6d614000 	/usr/lib/system/libsystem_trace.dylib
0x00007fff6d62c000 	/usr/lib/system/libunwind.dylib
0x00007fff6d632000 	/usr/lib/system/libxpc.dylib
0x00007fff6a719000 	/usr/lib/libc++abi.dylib
0x00007fff6b51d000 	/usr/lib/liblzma.5.dylib
0x00007fff6b198000 	/usr/lib/libfakelink.dylib
0x00007fff6a4d2000 	/usr/lib/libarchive.2.dylib
0x00007fff40f0e000 	/System/Library/Frameworks/SystemConfiguration.framework/Versions/A/SystemConfiguration
0x00007fff69e3d000 	/usr/lib/libCRFSuite.dylib
0x00007fff31d87000 	/System/Library/Frameworks/CFNetwork.framework/Versions/A/CFNetwork
0x00007fff6a6a8000 	/usr/lib/libbsm.0.dylib
0x00007fff6d418000 	/usr/lib/system/libkxld.dylib
0x00007fff46ca7000 	/System/Library/PrivateFrameworks/AppleFSCompression.framework/Versions/A/AppleFSCompression
0x00007fff6aa33000 	/usr/lib/libcoretls.dylib
0x00007fff6aa4a000 	/usr/lib/libcoretls_cfhelpers.dylib
0x00007fff6c286000 	/usr/lib/libpam.2.dylib
0x00007fff6c3bb000 	/usr/lib/libsqlite3.dylib
0x00007fff6c7fa000 	/usr/lib/libxar.1.dylib
0x00007fff6a6b9000 	/usr/lib/libbz2.1.0.dylib
0x00007fff6b1b9000 	/usr/lib/libiconv.2.dylib
0x00007fff6a72f000 	/usr/lib/libcharset.1.dylib
0x00007fff6bd23000 	/usr/lib/libnetwork.dylib
0x00007fff6c28d000 	/usr/lib/libpcap.A.dylib
0x00007fff6a487000 	/usr/lib/libapple_nghttp2.dylib
0x00007fff34cb3000 	/System/Library/Frameworks/CoreServices.framework/Versions/A/Frameworks/FSEvents.framework/Versions/A/FSEvents
0x00007fff34983000 	/System/Library/Frameworks/CoreServices.framework/Versions/A/Frameworks/CarbonCore.framework/Versions/A/CarbonCore
0x00007fff34ef7000 	/System/Library/Frameworks/CoreServices.framework/Versions/A/Frameworks/Metadata.framework/Versions/A/Metadata
0x00007fff34f90000 	/System/Library/Frameworks/CoreServices.framework/Versions/A/Frameworks/OSServices.framework/Versions/A/OSServices
0x00007fff34fbe000 	/System/Library/Frameworks/CoreServices.framework/Versions/A/Frameworks/SearchKit.framework/Versions/A/SearchKit
0x00007fff348fd000 	/System/Library/Frameworks/CoreServices.framework/Versions/A/Frameworks/AE.framework/Versions/A/AE
0x00007fff34cbc000 	/System/Library/Frameworks/CoreServices.framework/Versions/A/Frameworks/LaunchServices.framework/Versions/A/LaunchServices
0x00007fff34c65000 	/System/Library/Frameworks/CoreServices.framework/Versions/A/Frameworks/DictionaryServices.framework/Versions/A/DictionaryServices
0x00007fff35026000 	/System/Library/Frameworks/CoreServices.framework/Versions/A/Frameworks/SharedFileList.framework/Versions/A/SharedFileList
0x00007fff39ead000 	/System/Library/Frameworks/NetFS.framework/Versions/A/NetFS
0x00007fff5a9b6000 	/System/Library/PrivateFrameworks/NetAuth.framework/Versions/A/NetAuth
0x00007fff6731d000 	/System/Library/PrivateFrameworks/login.framework/Versions/A/Frameworks/loginsupport.framework/Versions/A/loginsupport
0x00007fff63c3b000 	/System/Library/PrivateFrameworks/TCC.framework/Versions/A/TCC
0x00007fff4b8cc000 	/System/Library/PrivateFrameworks/CoreNLP.framework/Versions/A/CoreNLP
0x00007fff59eb3000 	/System/Library/PrivateFrameworks/MetadataUtilities.framework/Versions/A/MetadataUtilities
0x00007fff6b5f5000 	/usr/lib/libmecabra.dylib
0x00007fff6b54d000 	/usr/lib/libmecab.dylib
0x00007fff6b1a9000 	/usr/lib/libgermantok.dylib
0x00007fff6a46e000 	/usr/lib/libThaiTokenizer.dylib
0x00007fff69e74000 	/usr/lib/libChineseTokenizer.dylib
0x00007fff2f1b8000 	/System/Library/Frameworks/Accelerate.framework/Versions/A/Frameworks/vImage.framework/Versions/A/vImage
0x00007fff30622000 	/System/Library/Frameworks/Accelerate.framework/Versions/A/Frameworks/vecLib.framework/Versions/A/vecLib
0x00007fff3055f000 	/System/Library/Frameworks/Accelerate.framework/Versions/A/Frameworks/vecLib.framework/Versions/A/libvMisc.dylib
0x00007fff30387000 	/System/Library/Frameworks/Accelerate.framework/Versions/A/Frameworks/vecLib.framework/Versions/A/libvDSP.dylib
0x00007fff2f80f000 	/System/Library/Frameworks/Accelerate.framework/Versions/A/Frameworks/vecLib.framework/Versions/A/libBLAS.dylib
0x00007fff2ff4b000 	/System/Library/Frameworks/Accelerate.framework/Versions/A/Frameworks/vecLib.framework/Versions/A/libLAPACK.dylib
0x00007fff302e7000 	/System/Library/Frameworks/Accelerate.framework/Versions/A/Frameworks/vecLib.framework/Versions/A/libLinearAlgebra.dylib
0x00007fff30374000 	/System/Library/Frameworks/Accelerate.framework/Versions/A/Frameworks/vecLib.framework/Versions/A/libSparseBLAS.dylib
0x00007fff302fd000 	/System/Library/Frameworks/Accelerate.framework/Versions/A/Frameworks/vecLib.framework/Versions/A/libQuadrature.dylib
0x00007fff2fa77000 	/System/Library/Frameworks/Accelerate.framework/Versions/A/Frameworks/vecLib.framework/Versions/A/libBNNS.dylib
0x00007fff30303000 	/System/Library/Frameworks/Accelerate.framework/Versions/A/Frameworks/vecLib.framework/Versions/A/libSparse.dylib
0x00007fff58a29000 	/System/Library/PrivateFrameworks/LanguageModeling.framework/Versions/A/LanguageModeling
0x00007fff4b27c000 	/System/Library/PrivateFrameworks/CoreEmoji.framework/Versions/A/CoreEmoji
0x00007fff58b47000 	/System/Library/PrivateFrameworks/LinguisticData.framework/Versions/A/LinguisticData
0x00007fff58af8000 	/System/Library/PrivateFrameworks/Lexicon.framework/Versions/A/Lexicon
0x00007fff6a730000 	/usr/lib/libcmph.dylib
0x00007fff3ca9b000 	/System/Library/Frameworks/OpenDirectory.framework/Versions/A/Frameworks/CFOpenDirectory.framework/Versions/A/CFOpenDirectory
0x00007fff3cab8000 	/System/Library/Frameworks/OpenDirectory.framework/Versions/A/OpenDirectory
0x00007fff44edd000 	/System/Library/PrivateFrameworks/APFS.framework/Versions/A/APFS
0x00007fff401a7000 	/System/Library/Frameworks/SecurityFoundation.framework/Versions/A/SecurityFoundation
0x00007fff6c7f6000 	/usr/lib/libutil.dylib
0x00007fff4c7b1000 	/System/Library/PrivateFrameworks/CoreServicesStore.framework/Versions/A/CoreServicesStore
0x00007fff4025e000 	/System/Library/Frameworks/ServiceManagement.framework/Versions/A/ServiceManagement
0x00007fff48476000 	/System/Library/PrivateFrameworks/BackgroundTaskManagement.framework/Versions/A/BackgroundTaskManagement
0x00007fff6c8f3000 	/usr/lib/libxslt.1.dylib
0x00007fff4731a000 	/System/Library/PrivateFrameworks/AppleSystemInfo.framework/Versions/A/AppleSystemInfo
0x00007fff36659000 	/System/Library/Frameworks/ImageIO.framework/Versions/A/Resources/libJPEG.dylib
0x00007fff36915000 	/System/Library/Frameworks/ImageIO.framework/Versions/A/Resources/libTIFF.dylib
0x00007fff368f8000 	/System/Library/Frameworks/ImageIO.framework/Versions/A/Resources/libPng.dylib
0x00007fff3659b000 	/System/Library/Frameworks/ImageIO.framework/Versions/A/Resources/libGIF.dylib
0x00007fff3659f000 	/System/Library/Frameworks/ImageIO.framework/Versions/A/Resources/libJP2.dylib
0x00007fff36913000 	/System/Library/Frameworks/ImageIO.framework/Versions/A/Resources/libRadiance.dylib
0x00007fff6b172000 	/usr/lib/libexpat.1.dylib
0x00007fff46e02000 	/System/Library/PrivateFrameworks/AppleJPEG.framework/Versions/A/AppleJPEG
0x00007fff4fa9a000 	/System/Library/PrivateFrameworks/FontServices.framework/libFontParser.dylib
0x00007fff66322000 	/System/Library/PrivateFrameworks/WatchdogClient.framework/Versions/A/WatchdogClient
0x00007fff58084000 	/System/Library/PrivateFrameworks/IOAccelerator.framework/Versions/A/IOAccelerator
0x00007fff38e25000 	/System/Library/Frameworks/MetalPerformanceShaders.framework/Versions/A/MetalPerformanceShaders
0x00007fff5481b000 	/System/Library/PrivateFrameworks/GPUWrangler.framework/Versions/A/GPUWrangler
0x00007fff58099000 	/System/Library/PrivateFrameworks/IOPresentment.framework/Versions/A/IOPresentment
0x00007fff4d32e000 	/System/Library/PrivateFrameworks/DSExternalDisplay.framework/Versions/A/DSExternalDisplay
0x00007fff3d42c000 	/System/Library/Frameworks/OpenGL.framework/Versions/A/Libraries/libCoreFSCache.dylib
0x00007fff38b71000 	/System/Library/Frameworks/MetalPerformanceShaders.framework/Frameworks/MPSCore.framework/Versions/A/MPSCore
0x00007fff38baf000 	/System/Library/Frameworks/MetalPerformanceShaders.framework/Frameworks/MPSImage.framework/Versions/A/MPSImage
0x00007fff38c76000 	/System/Library/Frameworks/MetalPerformanceShaders.framework/Frameworks/MPSNeuralNetwork.framework/Versions/A/MPSNeuralNetwork
0x00007fff38c3a000 	/System/Library/Frameworks/MetalPerformanceShaders.framework/Frameworks/MPSMatrix.framework/Versions/A/MPSMatrix
0x00007fff38dd5000 	/System/Library/Frameworks/MetalPerformanceShaders.framework/Frameworks/MPSRayIntersector.framework/Versions/A/MPSRayIntersector
0x00007fff38c60000 	/System/Library/Frameworks/MetalPerformanceShaders.framework/Frameworks/MPSNDArray.framework/Versions/A/MPSNDArray
0x00007fff59f00000 	/System/Library/PrivateFrameworks/MetalTools.framework/Versions/A/MetalTools
0x00007fff460b2000 	/System/Library/PrivateFrameworks/AggregateDictionary.framework/Versions/A/AggregateDictionary
0x00007fff4acc6000 	/System/Library/PrivateFrameworks/CoreAnalytics.framework/Versions/A/CoreAnalytics
0x00007fff47239000 	/System/Library/PrivateFrameworks/AppleSauce.framework/Versions/A/AppleSauce
0x00007fff6a130000 	/usr/lib/libIOReport.dylib
0x00007fff35527000 	/System/Library/Frameworks/CoreVideo.framework/Versions/A/CoreVideo
0x00007fff55c95000 	/System/Library/PrivateFrameworks/GraphVisualizer.framework/Versions/A/GraphVisualizer
0x00007fff4efe1000 	/System/Library/PrivateFrameworks/FaceCore.framework/Versions/A/FaceCore
0x00007fff3ca42000 	/System/Library/Frameworks/OpenCL.framework/Versions/A/OpenCL
0x00007fff69f52000 	/usr/lib/libFosl_dynamic.dylib
0x00007fff5b3d6000 	/System/Library/PrivateFrameworks/OTSVG.framework/Versions/A/OTSVG
0x00007fff316e1000 	/System/Library/Frameworks/ApplicationServices.framework/Versions/A/Frameworks/ATS.framework/Versions/A/Resources/libFontRegistry.dylib
0x00007fff4fc6c000 	/System/Library/PrivateFrameworks/FontServices.framework/libhvf.dylib
0x00007fff3d437000 	/System/Library/Frameworks/OpenGL.framework/Versions/A/Libraries/libGFXShared.dylib
0x00007fff3d615000 	/System/Library/Frameworks/OpenGL.framework/Versions/A/Libraries/libGLU.dylib
0x00007fff3d440000 	/System/Library/Frameworks/OpenGL.framework/Versions/A/Libraries/libGL.dylib
0x00007fff3d44b000 	/System/Library/Frameworks/OpenGL.framework/Versions/A/Libraries/libGLImage.dylib
0x00007fff3d429000 	/System/Library/Frameworks/OpenGL.framework/Versions/A/Libraries/libCVMSPluginSupport.dylib
0x00007fff3d432000 	/System/Library/Frameworks/OpenGL.framework/Versions/A/Libraries/libCoreVMClient.dylib
0x00007fff6bbc4000 	/usr/lib/libncurses.5.4.dylib
0x00007fff315dd000 	/System/Library/Frameworks/ApplicationServices.framework/Versions/A/Frameworks/ATS.framework/Versions/A/ATS
0x00007fff317aa000 	/System/Library/Frameworks/ApplicationServices.framework/Versions/A/Frameworks/ColorSyncLegacy.framework/Versions/A/ColorSyncLegacy
0x00007fff31848000 	/System/Library/Frameworks/ApplicationServices.framework/Versions/A/Frameworks/HIServices.framework/Versions/A/HIServices
0x00007fff318a0000 	/System/Library/Frameworks/ApplicationServices.framework/Versions/A/Frameworks/LangAnalysis.framework/Versions/A/LangAnalysis
0x00007fff318af000 	/System/Library/Frameworks/ApplicationServices.framework/Versions/A/Frameworks/PrintCore.framework/Versions/A/PrintCore
0x00007fff318f5000 	/System/Library/Frameworks/ApplicationServices.framework/Versions/A/Frameworks/QD.framework/Versions/A/QD
0x00007fff31900000 	/System/Library/Frameworks/ApplicationServices.framework/Versions/A/Frameworks/SpeechSynthesis.framework/Versions/A/SpeechSynthesis
0x00007fff3177a000 	/System/Library/Frameworks/ApplicationServices.framework/Versions/A/Frameworks/ATSUI.framework/Versions/A/ATSUI
0x00007fff6b008000 	/usr/lib/libcups.2.dylib
0x00007fff37ec0000 	/System/Library/Frameworks/Kerberos.framework/Versions/A/Kerberos
0x00007fff36001000 	/System/Library/Frameworks/GSS.framework/Versions/A/GSS
0x00007fff6c347000 	/usr/lib/libresolv.9.dylib
0x00007fff55e42000 	/System/Library/PrivateFrameworks/Heimdal.framework/Versions/A/Heimdal
0x00007fff37ed3000 	/System/Library/Frameworks/Kerberos.framework/Versions/A/Libraries/libHeimdalProxy.dylib
0x00007fff6b1af000 	/usr/lib/libheimdal-asn1.dylib
0x00007fff4a161000 	/System/Library/PrivateFrameworks/CommonAuth.framework/Versions/A/CommonAuth
0x00007fff473b7000 	/System/Library/PrivateFrameworks/AssertionServices.framework/Versions/A/AssertionServices
0x00007fff47f59000 	/System/Library/PrivateFrameworks/AudioToolboxCore.framework/Versions/A/AudioToolboxCore
0x00007fff66fcd000 	/System/Library/PrivateFrameworks/caulk.framework/Versions/A/caulk
0x00007fff48522000 	/System/Library/PrivateFrameworks/BaseBoard.framework/Versions/A/BaseBoard
0x00007fff5f62d000 	/System/Library/PrivateFrameworks/RunningBoardServices.framework/Versions/A/RunningBoardServices
0x00007fff5c641000 	/System/Library/PrivateFrameworks/PersistentConnection.framework/Versions/A/PersistentConnection
0x00007fff5f027000 	/System/Library/PrivateFrameworks/ProtocolBuffer.framework/Versions/A/ProtocolBuffer
0x00007fff4a185000 	/System/Library/PrivateFrameworks/CommonUtilities.framework/Versions/A/CommonUtilities
0x00007fff486b0000 	/System/Library/PrivateFrameworks/Bom.framework/Versions/A/Bom
0x00007fff69e03000 	/usr/lib/libAudioToolboxUtility.dylib
0x00007fff48480000 	/System/Library/PrivateFrameworks/Backup.framework/Versions/A/Backup
0x00007fff4d24f000 	/System/Library/PrivateFrameworks/CrashReporterSupport.framework/Versions/A/CrashReporterSupport
0x00007fff610be000 	/System/Library/PrivateFrameworks/Sharing.framework/Versions/A/Sharing
0x00007fff469c5000 	/System/Library/PrivateFrameworks/Apple80211.framework/Versions/A/Apple80211
0x00007fff4819d000 	/System/Library/PrivateFrameworks/AuthKit.framework/Versions/A/AuthKit
0x00007fff4cf5f000 	/System/Library/PrivateFrameworks/CoreUtils.framework/Versions/A/CoreUtils
0x00007fff3556c000 	/System/Library/Frameworks/CoreWLAN.framework/Versions/A/CoreWLAN
0x00007fff3618e000 	/System/Library/Frameworks/IOBluetooth.framework/Versions/A/IOBluetooth
0x00007fff5a205000 	/System/Library/PrivateFrameworks/MobileKeyBag.framework/Versions/A/MobileKeyBag
0x00007fff4bd64000 	/System/Library/PrivateFrameworks/CorePhoneNumbers.framework/Versions/A/CorePhoneNumbers
0x00007fff46db5000 	/System/Library/PrivateFrameworks/AppleIDAuthSupport.framework/Versions/A/AppleIDAuthSupport
0x00007fff39eba000 	/System/Library/Frameworks/Network.framework/Versions/A/Network
0x00007fff588d5000 	/System/Library/PrivateFrameworks/KeychainCircle.framework/Versions/A/KeychainCircle
0x00007fff32fc0000 	/System/Library/Frameworks/CoreBluetooth.framework/Versions/A/CoreBluetooth
0x00007fff6313b000 	/System/Library/PrivateFrameworks/SpeechRecognitionCore.framework/Versions/A/SpeechRecognitionCore
0x0000000103600000 	/Library/Java/JavaVirtualMachines/jdk1.8.0_221.jdk/Contents/Home/jre/lib/server/libjvm.dylib
0x00007fff6c6c9000 	/usr/lib/libstdc++.6.dylib
0x00000001025e3000 	/Library/Java/JavaVirtualMachines/jdk1.8.0_221.jdk/Contents/Home/jre/lib/libverify.dylib
0x00000001045b9000 	/Library/Java/JavaVirtualMachines/jdk1.8.0_221.jdk/Contents/Home/jre/lib/libjava.dylib
0x000000010462f000 	/Library/Java/JavaVirtualMachines/jdk1.8.0_221.jdk/Contents/Home/jre/lib/libzip.dylib
0x000000010b9f4000 	/Library/Java/JavaVirtualMachines/jdk1.8.0_221.jdk/Contents/Home/jre/lib/libawt.dylib
0x000000010ba9d000 	/Library/Java/JavaVirtualMachines/jdk1.8.0_221.jdk/Contents/Home/jre/lib/libmlib_image.dylib
0x00007fff37eaa000 	/System/Library/Frameworks/JavaVM.framework/Versions/A/Frameworks/JavaNativeFoundation.framework/Versions/A/JavaNativeFoundation
0x00007fff37eb3000 	/System/Library/Frameworks/JavaVM.framework/Versions/A/Frameworks/JavaRuntimeSupport.framework/Versions/A/JavaRuntimeSupport
0x00007fff37ebb000 	/System/Library/Frameworks/JavaVM.framework/Versions/A/JavaVM
0x00007fff586ec000 	/System/Library/PrivateFrameworks/JavaLaunching.framework/Versions/A/JavaLaunching
0x00007fff32191000 	/System/Library/Frameworks/Carbon.framework/Versions/A/Carbon
0x00007fff4cd04000 	/System/Library/PrivateFrameworks/CoreSymbolication.framework/Versions/A/CoreSymbolication
0x00007fff32192000 	/System/Library/Frameworks/Carbon.framework/Versions/A/Frameworks/CommonPanels.framework/Versions/A/CommonPanels
0x00007fff3248b000 	/System/Library/Frameworks/Carbon.framework/Versions/A/Frameworks/Help.framework/Versions/A/Help
0x00007fff3248f000 	/System/Library/Frameworks/Carbon.framework/Versions/A/Frameworks/ImageCapture.framework/Versions/A/ImageCapture
0x00007fff32496000 	/System/Library/Frameworks/Carbon.framework/Versions/A/Frameworks/OpenScripting.framework/Versions/A/OpenScripting
0x00007fff32495000 	/System/Library/Frameworks/Carbon.framework/Versions/A/Frameworks/Ink.framework/Versions/A/Ink
0x00007fff324d1000 	/System/Library/Frameworks/Carbon.framework/Versions/A/Frameworks/Print.framework/Versions/A/Print
0x00007fff324d2000 	/System/Library/Frameworks/Carbon.framework/Versions/A/Frameworks/SecurityHI.framework/Versions/A/SecurityHI
0x00007fff4d483000 	/System/Library/PrivateFrameworks/DebugSymbols.framework/Versions/A/DebugSymbols
0x000000010bb69000 	/Library/Java/JavaVirtualMachines/jdk1.8.0_221.jdk/Contents/Home/jre/lib/libawt_lwawt.dylib
0x000000010bc24000 	/Library/Java/JavaVirtualMachines/jdk1.8.0_221.jdk/Contents/Home/jre/lib/libosxapp.dylib
0x00007fff35a6a000 	/System/Library/Frameworks/ExceptionHandling.framework/Versions/A/ExceptionHandling
0x00007fff4c77d000 	/System/Library/PrivateFrameworks/CoreServicesInternal.framework/Versions/A/CoreServicesInternal
0x00007fff35a89000 	/System/Library/Frameworks/FileProvider.framework/Versions/A/FileProvider
0x00007fff30623000 	/System/Library/Frameworks/Accounts.framework/Versions/A/Accounts
0x00007fff54b40000 	/System/Library/PrivateFrameworks/GenerationalStorage.framework/Versions/A/GenerationalStorage
0x00007fff6397b000 	/System/Library/PrivateFrameworks/SymptomDiagnosticReporter.framework/Versions/A/SymptomDiagnosticReporter
0x00007fff464ca000 	/System/Library/PrivateFrameworks/AppContainer.framework/Versions/A/AppContainer
0x00007fff6c361000 	/usr/lib/libsandbox.1.dylib
0x00007fff652c6000 	/System/Library/PrivateFrameworks/UserManagement.framework/Versions/A/UserManagement
0x00007fff4926b000 	/System/Library/PrivateFrameworks/ChunkingLibrary.framework/Versions/A/ChunkingLibrary
0x00007fff4653c000 	/System/Library/PrivateFrameworks/AppSandbox.framework/Versions/A/AppSandbox
0x00007fff60f48000 	/System/Library/PrivateFrameworks/SecCodeWrapper.framework/Versions/A/SecCodeWrapper
0x00007fff6a218000 	/usr/lib/libMatch.1.dylib
0x00007fff26607000 	/System/Library/CoreServices/RawCamera.bundle/Contents/MacOS/RawCamera
0x00007fff5a02f000 	/System/Library/PrivateFrameworks/MobileAsset.framework/Versions/A/MobileAsset
0x00007fff63823000 	/System/Library/PrivateFrameworks/StreamingZip.framework/Versions/A/StreamingZip
0x00007fff3833b000 	/System/Library/Frameworks/MediaToolbox.framework/Versions/A/MediaToolbox
0x00007fff4ac76000 	/System/Library/PrivateFrameworks/CoreAVCHD.framework/Versions/A/CoreAVCHD
0x00007fff38265000 	/System/Library/Frameworks/MediaAccessibility.framework/Versions/A/MediaAccessibility
0x00007fff593e4000 	/System/Library/PrivateFrameworks/Mangrove.framework/Versions/A/Mangrove
0x00007fff34734000 	/System/Library/Frameworks/CoreMedia.framework/Versions/A/CoreMedia
0x00007fff59650000 	/System/Library/PrivateFrameworks/MediaExperience.framework/Versions/A/MediaExperience
0x00007fff411fb000 	/System/Library/Frameworks/VideoToolbox.framework/Versions/A/VideoToolbox
0x00007fff4a8a0000 	/System/Library/PrivateFrameworks/CoreAUC.framework/Versions/A/CoreAUC
0x00007fff6c3b9000 	/usr/lib/libspindump.dylib
0x00007fff47908000 	/System/Library/PrivateFrameworks/AudioResourceArbitration.framework/Versions/A/AudioResourceArbitration
0x00007fff4731e000 	/System/Library/PrivateFrameworks/AppleVA.framework/Versions/A/AppleVA
0x00007fff2f1a1000 	/System/Library/Frameworks/Accelerate.framework/Versions/A/Frameworks/vImage.framework/Versions/A/Libraries/libCGInterfaces.dylib
0x000000010ce33000 	/usr/lib/libobjc-trampolines.dylib
0x00007fff4fbd3000 	/System/Library/PrivateFrameworks/FontServices.framework/libTrueTypeScaler.dylib
0x00007fff2bf19000 	/System/Library/Extensions/AppleIntelKBLGraphicsMTLDriver.bundle/Contents/MacOS/AppleIntelKBLGraphicsMTLDriver
0x00007fff5315d000 	/System/Library/PrivateFrameworks/GPUCompiler.framework/Versions/3902/Libraries/libmetal_timestamp.dylib
0x00007fff4f40b000 	/System/Library/PrivateFrameworks/FamilyControls.framework/Versions/A/FamilyControls
0x00007fff4a155000 	/System/Library/PrivateFrameworks/CommerceKit.framework/Versions/A/Frameworks/CommerceCore.framework/Versions/A/CommerceCore
0x00007fff639f5000 	/System/Library/PrivateFrameworks/SystemAdministration.framework/Versions/A/SystemAdministration
0x00007fff4d999000 	/System/Library/PrivateFrameworks/DiskManagement.framework/Versions/A/DiskManagement
0x00007fff357b5000 	/System/Library/Frameworks/DirectoryService.framework/Versions/A/DirectoryService
0x00007fff4d8d0000 	/System/Library/PrivateFrameworks/DiskImages.framework/Versions/A/DiskImages
0x00007fff58bf0000 	/System/Library/PrivateFrameworks/LoginUIKit.framework/Versions/A/Frameworks/LoginUICore.framework/Versions/A/LoginUICore
0x00007fff69e7f000 	/usr/lib/libCoreStorage.dylib
0x00007fff6aff5000 	/usr/lib/libcsfde.dylib
0x00007fff6c274000 	/usr/lib/libodfde.dylib
0x00007fff596db000 	/System/Library/PrivateFrameworks/MediaKit.framework/Versions/A/MediaKit
0x00007fff357c1000 	/System/Library/Frameworks/DiscRecording.framework/Versions/A/DiscRecording
0x00007fff4db4f000 	/System/Library/PrivateFrameworks/EFILogin.framework/Versions/A/EFILogin
0x00007fff5efcc000 	/System/Library/PrivateFrameworks/ProtectedCloudStorage.framework/Versions/A/ProtectedCloudStorage
0x00007fff6b069000 	/usr/lib/libcurl.4.dylib
0x00007fff6aeee000 	/usr/lib/libcrypto.44.dylib
0x00007fff6c699000 	/usr/lib/libssl.46.dylib
0x00007fff37ed4000 	/System/Library/Frameworks/LDAP.framework/Versions/A/LDAP
0x00007fff643c2000 	/System/Library/PrivateFrameworks/TrustEvaluationAgent.framework/Versions/A/TrustEvaluationAgent
0x00007fff6c3a6000 	/usr/lib/libsasl2.2.dylib
0x00007fff4aff0000 	/System/Library/PrivateFrameworks/CoreDaemon.framework/Versions/B/CoreDaemon
0x00007fff47234000 	/System/Library/PrivateFrameworks/AppleSRP.framework/Versions/A/AppleSRP
0x00007fff66092000 	/System/Library/PrivateFrameworks/ViewBridge.framework/Versions/A/ViewBridge
0x00007fff67320000 	/System/Library/PrivateFrameworks/login.framework/Versions/A/login
0x00007fff3e09d000 	/System/Library/Frameworks/OpenGL.framework/Versions/A/Resources/GLEngine.bundle/GLEngine
0x00007fff3d480000 	/System/Library/Frameworks/OpenGL.framework/Versions/A/Libraries/libGLProgrammability.dylib
0x00007fff2af11000 	/System/Library/Extensions/AppleIntelKBLGraphicsGLDriver.bundle/Contents/MacOS/AppleIntelKBLGraphicsGLDriver
0x00007fff5480f000 	/System/Library/PrivateFrameworks/GPUSupport.framework/Versions/A/Libraries/libGPUSupportMercury.dylib
0x00007fff3e217000 	/System/Library/Frameworks/OpenGL.framework/Versions/A/Resources/GLRendererFloat.bundle/GLRendererFloat
0x00007fff3ca39000 	/System/Library/Frameworks/OpenCL.framework/Versions/A/Libraries/libcldcpuengine.dylib
0x000000011dc0f000 	/Library/Java/JavaVirtualMachines/jdk1.8.0_221.jdk/Contents/Home/jre/lib/libfontmanager.dylib
0x00007fff55cc1000 	/System/Library/PrivateFrameworks/HDRProcessing.framework/Versions/A/HDRProcessing
0x000000011ec51000 	/Library/Java/JavaVirtualMachines/jdk1.8.0_221.jdk/Contents/Home/jre/lib/libosxui.dylib
0x000000011efea000 	/Library/Java/JavaVirtualMachines/jdk1.8.0_221.jdk/Contents/Home/jre/lib/libnet.dylib
0x000000011f001000 	/Library/Java/JavaVirtualMachines/jdk1.8.0_221.jdk/Contents/Home/jre/lib/libnio.dylib
0x000000018d205000 	/private/var/folders/16/7w58252972g03kvjj0hhf0hm0000gn/T/jogamp_0000/file_cache/jln3655610953021347743/jln2112848449781496121/libgluegen-rt.jnilib
0x000000018d209000 	/private/var/folders/16/7w58252972g03kvjj0hhf0hm0000gn/T/jogamp_0000/file_cache/jln3655610953021347743/jln2112848449781496121/libnativewindow_awt.jnilib
0x000000018d20c000 	/Library/Java/JavaVirtualMachines/jdk1.8.0_221.jdk/Contents/Home/jre/lib/libjawt.dylib
0x000000018d20f000 	/private/var/folders/16/7w58252972g03kvjj0hhf0hm0000gn/T/jogamp_0000/file_cache/jln3655610953021347743/jln2112848449781496121/libnativewindow_macosx.jnilib
0x000000018e8dc000 	/private/var/folders/16/7w58252972g03kvjj0hhf0hm0000gn/T/jogamp_0000/file_cache/jln3655610953021347743/jln2112848449781496121/libjogl_desktop.jnilib
0x0000000192b58000 	/Library/Java/JavaVirtualMachines/jdk1.8.0_221.jdk/Contents/Home/jre/lib/libt2k.dylib

VM Arguments:
jvm_args: -Djava.security.policy=java.policy.applet -Dfile.encoding=UTF-8 
java_command: sun.applet.AppletViewer module4.EarthquakeCityMap1599533132606.html
java_class_path (initial): /Users/lcx/eclipse-workspace/UCSDUnfoldingMaps/build:/Users/lcx/eclipse-workspace/UCSDUnfoldingMaps/lib/core.jar:/Users/lcx/eclipse-workspace/UCSDUnfoldingMaps/lib/gluegen-rt.jar:/Users/lcx/eclipse-workspace/UCSDUnfoldingMaps/lib/jogl-all.jar:/Users/lcx/eclipse-workspace/UCSDUnfoldingMaps/lib/log4j-1.2.15.jar:/Users/lcx/eclipse-workspace/UCSDUnfoldingMaps/lib/sqlite-jdbc-3.7.2.jar:/Users/lcx/eclipse-workspace/UCSDUnfoldingMaps/lib/json4processing.jar:/Users/lcx/eclipse-workspace/UCSDUnfoldingMaps/lib/libTUIO.jar:/Users/lcx/eclipse-workspace/UCSDUnfoldingMaps/lib/unfolding.0.9.7-uscd.jar
Launcher Type: SUN_STANDARD

Environment Variables:
PATH=/usr/bin:/bin:/usr/sbin:/sbin
SHELL=/bin/bash
DISPLAY=/private/tmp/com.apple.launchd.QYd2QhtoDE/org.macosforge.xquartz:0

Signal Handlers:
SIGSEGV: [libjvm.dylib+0x5b71a7], sa_mask[0]=11111111011111110111111111111111, sa_flags=SA_ONSTACK|SA_RESTART|SA_SIGINFO
SIGBUS: [libjvm.dylib+0x5b71a7], sa_mask[0]=11111111011111110111111111111111, sa_flags=SA_RESTART|SA_SIGINFO
SIGFPE: [libjvm.dylib+0x48c8fc], sa_mask[0]=11111111011111110111111111111111, sa_flags=SA_RESTART|SA_SIGINFO
SIGPIPE: [libjvm.dylib+0x48c8fc], sa_mask[0]=11111111011111110111111111111111, sa_flags=SA_RESTART|SA_SIGINFO
SIGXFSZ: [libjvm.dylib+0x48c8fc], sa_mask[0]=11111111011111110111111111111111, sa_flags=SA_RESTART|SA_SIGINFO
SIGILL: [libjvm.dylib+0x48c8fc], sa_mask[0]=11111111011111110111111111111111, sa_flags=SA_RESTART|SA_SIGINFO
SIGUSR1: SIG_DFL, sa_mask[0]=00000000000000000000000000000000, sa_flags=none
SIGUSR2: [libjvm.dylib+0x48c41a], sa_mask[0]=00100000000000000000000000000000, sa_flags=SA_RESTART|SA_SIGINFO
SIGHUP: [libjvm.dylib+0x48a9a5], sa_mask[0]=11111111011111110111111111111111, sa_flags=SA_RESTART|SA_SIGINFO
SIGINT: [libjvm.dylib+0x48a9a5], sa_mask[0]=11111111011111110111111111111111, sa_flags=SA_RESTART|SA_SIGINFO
SIGTERM: [libjvm.dylib+0x48a9a5], sa_mask[0]=11111111011111110111111111111111, sa_flags=SA_RESTART|SA_SIGINFO
SIGQUIT: [libjvm.dylib+0x48a9a5], sa_mask[0]=11111111011111110111111111111111, sa_flags=SA_RESTART|SA_SIGINFO


---------------  S Y S T E M  ---------------

OS:Bsduname:Darwin 19.5.0 Darwin Kernel Version 19.5.0: Tue May 26 20:41:44 PDT 2020; root:xnu-6153.121.2~2/RELEASE_X86_64 x86_64
rlimit: STACK 8192k, CORE 0k, NPROC 1392, NOFILE 10240, AS infinity
load average:1.96 2.28 2.37

CPU:total 8 (initial active 8) (4 cores per cpu, 2 threads per core) family 6 model 142 stepping 10, cmov, cx8, fxsr, mmx, sse, sse2, sse3, ssse3, sse4.1, sse4.2, popcnt, avx, avx2, aes, clmul, erms, 3dnowpref, lzcnt, ht, tsc, tscinvbit, bmi1, bmi2, adx

Memory: 4k page, physical 8388608k(1305764k free)

/proc/meminfo:


vm_info: Java HotSpot(TM) 64-Bit Server VM (25.221-b11) for bsd-amd64 JRE (1.8.0_221-b11), built on Jul  4 2019 04:36:22 by "java_re" with gcc 4.2.1 (Based on Apple Inc. build 5658) (LLVM build 2336.11.00)

time: Mon Sep  7 22:46:28 2020
timezone: EDT
elapsed time: 56 seconds (0d 0h 0m 56s)

